[2021-11-04 17:17:37]	[done]
	build successfully !

[2021-11-04 17:18:12]	[done]
	build successfully !

[2021-11-04 17:19:13]	[done]
	build successfully !

[2021-11-04 17:19:23]	[done]
	build successfully !

[2021-11-04 17:19:44]	[done]
	build successfully !

[2021-11-04 17:20:11]	[done]
	build successfully !

[2021-11-04 17:20:30]	[done]
	build successfully !

[2021-11-04 17:21:32]	[done]
	build successfully !

[2021-11-04 17:22:52]	[done]
	build successfully !

[2021-11-04 17:51:12]	[done]
	build successfully !

[2021-11-04 17:54:42]	[done]
	build successfully !

[2021-11-04 17:55:43]	[done]
	build successfully !

[2021-11-04 18:04:16]	[done]
	build successfully !

[2021-11-04 18:06:21]	[done]
	build successfully !

[2021-11-04 18:06:50]	[done]
	build successfully !

[2021-11-04 18:06:54]	[done]
	build successfully !

[2021-11-04 18:07:27]	[done]
	build successfully !

[2021-11-04 22:08:54]	link failed !, exit code: 1
  at unify_builder.Program.Main (System.String[] args) [0x012d3] in <0145ce9df5474e8894a187804b43ab23>:0 

[2021-11-04 22:12:21]	[done]
	build successfully !

[2021-11-04 22:13:12]	[done]
	build successfully !

[2021-11-04 22:14:59]	[done]
	build successfully !

[2021-11-04 22:17:14]	[done]
	build successfully !

[2021-11-04 22:21:16]	[done]
	build successfully !

[2021-11-04 22:22:56]	[done]
	build successfully !

[2021-11-04 22:32:32]	[done]
	build successfully !

[2021-11-04 22:37:52]	[done]
	build successfully !

[2021-11-04 22:39:12]	[done]
	build successfully !

[2021-11-04 22:42:02]	[done]
	build successfully !

[2021-11-04 22:44:15]	[done]
	build successfully !

[2021-11-04 22:47:16]	[done]
	build successfully !

[2021-11-04 22:48:43]	[done]
	build successfully !

[2021-11-04 22:53:39]	[done]
	build successfully !

[2021-11-04 22:54:31]	[done]
	build successfully !

[2021-11-04 22:55:46]	[done]
	build successfully !

[2021-11-04 22:56:58]	[done]
	build successfully !

[2021-11-04 23:04:00]	[done]
	build successfully !

[2021-11-04 23:04:06]	[done]
	build successfully !

[2021-11-04 23:05:39]	[done]
	build successfully !

[2021-11-04 23:06:50]	[done]
	build successfully !

[2021-11-04 23:08:04]	[done]
	build successfully !

[2021-11-04 23:10:05]	[done]
	build successfully !

[2021-11-04 23:12:06]	[done]
	build successfully !

[2021-11-04 23:12:35]	[done]
	build successfully !

[2021-11-04 23:13:10]	[done]
	build successfully !

[2021-11-04 23:13:51]	[done]
	build successfully !

[2021-11-04 23:14:06]	[done]
	build successfully !

[2021-11-04 23:18:32]	[done]
	build successfully !

[2021-11-04 23:19:28]	[done]
	build successfully !

[2021-11-04 23:21:21]	compilation failed at : "f:\Users\whb\Documents\STM32\HelloPID\Core\Src\main.c", exit code: 1
  at unify_builder.Program.Main (System.String[] args) [0x01175] in <0145ce9df5474e8894a187804b43ab23>:0 

[2021-11-04 23:24:10]	[done]
	build successfully !

[2021-11-04 23:24:59]	[done]
	build successfully !

[2021-11-04 23:27:46]	[done]
	build successfully !

[2021-11-04 23:29:08]	[done]
	build successfully !

[2021-11-04 23:29:54]	[done]
	build successfully !

[2021-11-04 23:35:10]	[done]
	build successfully !

[2021-11-04 23:41:05]	[done]
	build successfully !

[2021-11-04 23:43:39]	[done]
	build successfully !

[2021-11-04 23:48:47]	[done]
	build successfully !

[2021-11-04 23:50:29]	[done]
	build successfully !

[2021-11-04 23:50:45]	[done]
	build successfully !

[2021-11-04 23:53:06]	[done]
	build successfully !

[2021-11-04 23:54:11]	[done]
	build successfully !

[2021-11-04 23:55:22]	[done]
	build successfully !

[2021-11-04 23:56:06]	[done]
	build successfully !

[2021-11-05 00:00:53]	[done]
	build successfully !

[2021-11-05 00:02:27]	[done]
	build successfully !

[2021-11-05 00:02:45]	[done]
	build successfully !

[2021-11-05 00:05:04]	[done]
	build successfully !

[2021-11-05 00:06:53]	[done]
	build successfully !

[2021-11-05 00:09:35]	[done]
	build successfully !

[2021-11-05 00:12:52]	[done]
	build successfully !

[2021-11-05 00:14:19]	[done]
	build successfully !

[2021-11-05 00:15:58]	[done]
	build successfully !

[2021-11-05 00:22:13]	[done]
	build successfully !

[2021-11-05 00:23:40]	[done]
	build successfully !

[2021-11-05 00:24:50]	[done]
	build successfully !

[2021-11-05 00:26:40]	[done]
	build successfully !

[2021-11-05 00:27:26]	[done]
	build successfully !

[2021-11-05 00:27:53]	[done]
	build successfully !

[2021-11-05 00:28:17]	[done]
	build successfully !

[2021-11-05 00:28:49]	[done]
	build successfully !

[2021-11-05 00:29:23]	[done]
	build successfully !

[2021-11-05 00:30:07]	[done]
	build successfully !

[2021-11-05 00:30:51]	[done]
	build successfully !

[2021-11-05 00:31:57]	[done]
	build successfully !

[2021-11-05 00:32:41]	[done]
	build successfully !

[2021-11-05 00:36:59]	[done]
	build successfully !

[2021-11-05 00:37:42]	[done]
	build successfully !

[2021-11-05 00:38:36]	[done]
	build successfully !

[2021-11-05 00:39:45]	[done]
	build successfully !

[2021-11-05 00:40:32]	[done]
	build successfully !

[2021-11-05 00:41:23]	[done]
	build successfully !

[2021-11-05 00:42:19]	[done]
	build successfully !

[2021-11-05 00:43:12]	[done]
	build successfully !

[2021-11-05 00:43:52]	[done]
	build successfully !

[2021-11-05 00:44:57]	[done]
	build successfully !

[2021-11-05 00:45:56]	[done]
	build successfully !

[2021-11-05 00:46:56]	[done]
	build successfully !

[2021-11-05 00:53:00]	[done]
	build successfully !

[2021-11-05 00:53:49]	[done]
	build successfully !

[2021-11-05 00:54:32]	[done]
	build successfully !

[2021-11-05 00:55:48]	[done]
	build successfully !

[2021-11-05 00:56:35]	[done]
	build successfully !

[2021-11-05 00:57:23]	[done]
	build successfully !

[2021-11-05 00:58:33]	[done]
	build successfully !

[2021-11-05 01:00:28]	[done]
	build successfully !

[2021-11-05 01:02:36]	[done]
	build successfully !

[2021-11-05 01:03:55]	[done]
	build successfully !

[2021-11-05 01:04:27]	[done]
	build successfully !

[2021-11-05 01:05:31]	[done]
	build successfully !

[2021-11-05 01:06:24]	[done]
	build successfully !

[2021-11-05 01:06:58]	[done]
	build successfully !

[2021-11-05 01:07:34]	[done]
	build successfully !

[2021-11-05 01:08:20]	[done]
	build successfully !

[2021-11-05 01:09:00]	[done]
	build successfully !

[2021-11-05 01:09:55]	[done]
	build successfully !

[2021-11-05 01:11:11]	[done]
	build successfully !

[2021-11-05 01:12:48]	[done]
	build successfully !

[2021-11-05 01:13:26]	[done]
	build successfully !

[2021-11-05 01:13:57]	[done]
	build successfully !

[2021-11-05 01:14:43]	[done]
	build successfully !

[2021-11-05 01:15:51]	[done]
	build successfully !

[2021-11-05 01:16:33]	[done]
	build successfully !

[2021-11-05 01:17:34]	[done]
	build successfully !

[2021-11-05 01:18:31]	[done]
	build successfully !

[2021-11-05 01:20:43]	[done]
	build successfully !

[2021-11-05 01:21:05]	[done]
	build successfully !

[2021-11-05 01:21:49]	[done]
	build successfully !

[2021-11-05 01:23:21]	[done]
	build successfully !

[2021-11-05 01:24:12]	[done]
	build successfully !

[2021-11-05 01:28:59]	[done]
	build successfully !

[2021-11-05 01:29:38]	[done]
	build successfully !

[2021-11-05 01:30:42]	[done]
	build successfully !

[2021-11-05 01:32:13]	[done]
	build successfully !

[2021-11-05 01:33:04]	[done]
	build successfully !

[2021-11-05 01:35:41]	[done]
	build successfully !

[2021-11-05 01:36:28]	[done]
	build successfully !

[2021-11-05 01:37:34]	[done]
	build successfully !

[2021-11-05 01:38:34]	[done]
	build successfully !

[2021-11-05 01:39:43]	[done]
	build successfully !

[2021-11-05 01:40:31]	[done]
	build successfully !

[2021-11-05 01:41:40]	[done]
	build successfully !

[2021-11-05 01:42:31]	[done]
	build successfully !

[2021-11-05 01:43:19]	[done]
	build successfully !

[2021-11-05 01:44:41]	[done]
	build successfully !

[2021-11-05 01:45:34]	[done]
	build successfully !

[2021-11-05 01:46:17]	[done]
	build successfully !

[2021-11-05 01:47:33]	[done]
	build successfully !

[2021-11-05 01:48:12]	[done]
	build successfully !

[2021-11-05 01:49:22]	[done]
	build successfully !

[2021-11-05 01:51:03]	[done]
	build successfully !

[2021-11-05 01:51:36]	[done]
	build successfully !

[2021-11-05 01:52:46]	[done]
	build successfully !

[2021-11-05 01:53:57]	[done]
	build successfully !

[2021-11-05 01:54:54]	[done]
	build successfully !

[2021-11-05 13:18:49]	[done]
	build successfully !

[2021-11-05 13:20:38]	[done]
	build successfully !

[2021-11-05 13:22:59]	[done]
	build successfully !

[2021-11-05 13:26:16]	[done]
	build successfully !

[2021-11-05 13:28:24]	[done]
	build successfully !

[2021-11-05 13:34:31]	[done]
	build successfully !

[2021-11-05 13:36:39]	[done]
	build successfully !

[2021-11-05 13:38:15]	[done]
	build successfully !

[2021-11-05 13:42:44]	[done]
	build successfully !

[2021-11-05 13:43:10]	[done]
	build successfully !

[2021-11-05 13:44:50]	[done]
	build successfully !

[2021-11-05 13:49:12]	[done]
	build successfully !

[2021-11-05 13:52:51]	[done]
	build successfully !

[2021-11-05 13:53:56]	[done]
	build successfully !

[2021-11-05 13:54:38]	[done]
	build successfully !

[2021-11-05 13:55:06]	[done]
	build successfully !

[2021-11-05 13:56:13]	[done]
	build successfully !

[2021-11-05 13:56:53]	[done]
	build successfully !

[2021-11-05 13:57:53]	[done]
	build successfully !

[2021-11-05 14:02:44]	[done]
	build successfully !

[2021-11-05 14:04:19]	[done]
	build successfully !

[2021-11-05 14:05:29]	[done]
	build successfully !

[2021-11-05 14:06:45]	[done]
	build successfully !

[2021-11-05 14:10:24]	[done]
	build successfully !

[2021-11-05 14:11:38]	[done]
	build successfully !

[2021-11-05 14:12:11]	[done]
	build successfully !

[2021-11-05 14:12:42]	[done]
	build successfully !

[2021-11-05 14:14:03]	[done]
	build successfully !

[2021-11-05 14:15:02]	[done]
	build successfully !

[2021-11-05 14:15:33]	[done]
	build successfully !

[2021-11-05 14:16:20]	[done]
	build successfully !

[2021-11-05 14:16:52]	[done]
	build successfully !

[2021-11-05 14:18:41]	[done]
	build successfully !

[2021-11-05 14:19:28]	[done]
	build successfully !

[2021-11-05 14:20:53]	[done]
	build successfully !

[2021-11-05 14:22:55]	[done]
	build successfully !

[2021-11-05 14:42:47]	[done]
	build successfully !

[2021-11-05 14:43:38]	[done]
	build successfully !

[2021-11-05 14:44:44]	[done]
	build successfully !

[2021-11-05 14:45:56]	[done]
	build successfully !

[2021-11-05 14:49:08]	[done]
	build successfully !

[2021-11-05 14:53:39]	[done]
	build successfully !

[2021-11-05 14:54:50]	[done]
	build successfully !

[2021-11-05 14:59:57]	[done]
	build successfully !

[2021-11-05 15:10:23]	[done]
	build successfully !

[2021-11-05 15:14:25]	[done]
	build successfully !

[2021-11-05 15:15:39]	[done]
	build successfully !

[2021-11-05 15:16:16]	[done]
	build successfully !

[2021-11-05 15:16:53]	[done]
	build successfully !

[2021-11-05 15:17:29]	[done]
	build successfully !

[2021-11-05 15:18:06]	[done]
	build successfully !

[2021-11-05 15:18:49]	[done]
	build successfully !

[2021-11-05 15:19:17]	[done]
	build successfully !

[2021-11-05 15:19:54]	[done]
	build successfully !

[2021-11-05 15:20:29]	[done]
	build successfully !

[2021-11-05 15:20:50]	[done]
	build successfully !

[2021-11-05 15:21:02]	[done]
	build successfully !

[2021-11-05 15:21:44]	[done]
	build successfully !

[2021-11-05 15:22:53]	[done]
	build successfully !

[2021-11-05 15:23:25]	[done]
	build successfully !

[2021-11-05 15:24:18]	[done]
	build successfully !

[2021-11-05 15:25:12]	[done]
	build successfully !

[2021-11-05 15:25:38]	[done]
	build successfully !

[2021-11-05 15:26:28]	[done]
	build successfully !

[2021-11-05 15:27:08]	[done]
	build successfully !

[2021-11-05 15:27:37]	[done]
	build successfully !

[2021-11-05 15:28:48]	[done]
	build successfully !

[2021-11-05 15:29:15]	[done]
	build successfully !

[2021-11-05 15:30:07]	[done]
	build successfully !

[2021-11-05 15:30:38]	[done]
	build successfully !

[2021-11-05 15:31:03]	[done]
	build successfully !

[2021-11-05 15:31:27]	[done]
	build successfully !

[2021-11-05 15:31:57]	[done]
	build successfully !

[2021-11-05 15:32:39]	[done]
	build successfully !

[2021-11-05 15:33:00]	[done]
	build successfully !

[2021-11-05 15:34:23]	[done]
	build successfully !

[2021-11-05 15:34:53]	[done]
	build successfully !

[2021-11-05 15:35:45]	[done]
	build successfully !

[2021-11-05 15:36:29]	[done]
	build successfully !

[2021-11-05 15:37:54]	[done]
	build successfully !

[2021-11-05 15:38:10]	[done]
	build successfully !

[2021-11-05 15:38:36]	[done]
	build successfully !

[2021-11-05 15:38:42]	[done]
	build successfully !

[2021-11-05 15:38:59]	[done]
	build successfully !

[2021-11-05 15:39:48]	[done]
	build successfully !

[2021-11-05 15:40:06]	[done]
	build successfully !

[2021-11-05 15:40:16]	[done]
	build successfully !

[2021-11-05 15:40:39]	[done]
	build successfully !

[2021-11-05 15:41:10]	[done]
	build successfully !

[2021-11-05 15:41:51]	[done]
	build successfully !

[2021-11-05 15:42:29]	[done]
	build successfully !

[2021-11-05 15:42:53]	[done]
	build successfully !

[2021-11-05 15:43:23]	[done]
	build successfully !

[2021-11-05 15:43:43]	[done]
	build successfully !

[2021-11-05 15:44:23]	[done]
	build successfully !

[2021-11-05 15:44:35]	[done]
	build successfully !

[2021-11-05 15:44:53]	[done]
	build successfully !

[2021-11-05 15:45:37]	[done]
	build successfully !

[2021-11-05 15:50:07]	[done]
	build successfully !

[2021-11-05 15:51:56]	[done]
	build successfully !

[2021-11-05 15:52:18]	[done]
	build successfully !

[2021-11-05 15:53:19]	[done]
	build successfully !

[2021-11-05 15:53:52]	[done]
	build successfully !

[2021-11-05 15:54:22]	[done]
	build successfully !

[2021-11-05 15:54:34]	[done]
	build successfully !

[2021-11-05 15:55:10]	[done]
	build successfully !

[2021-11-05 15:56:12]	[done]
	build successfully !

[2021-11-05 15:57:05]	[done]
	build successfully !

[2021-11-05 15:58:25]	[done]
	build successfully !

[2021-11-05 16:00:53]	[done]
	build successfully !

[2021-11-05 16:00:57]	[done]
	build successfully !

[2021-11-05 16:02:02]	[done]
	build successfully !

[2021-11-05 16:02:38]	[done]
	build successfully !

[2021-11-05 16:03:04]	[done]
	build successfully !

[2021-11-05 16:04:09]	[done]
	build successfully !

[2021-11-05 16:04:48]	[done]
	build successfully !

[2021-11-05 16:05:38]	[done]
	build successfully !

[2021-11-05 16:06:21]	[done]
	build successfully !

[2021-11-05 16:07:00]	[done]
	build successfully !

[2021-11-05 16:07:13]	[done]
	build successfully !

[2021-11-05 16:07:58]	[done]
	build successfully !

[2021-11-05 16:09:07]	[done]
	build successfully !

[2021-11-05 16:12:49]	[done]
	build successfully !

[2021-11-05 16:14:11]	[done]
	build successfully !

[2021-11-05 16:16:47]	[done]
	build successfully !

[2021-11-05 16:17:11]	[done]
	build successfully !

[2021-11-05 16:17:53]	[done]
	build successfully !

[2021-11-05 16:18:16]	[done]
	build successfully !

[2021-11-05 16:18:32]	[done]
	build successfully !

[2021-11-05 16:20:11]	[done]
	build successfully !

[2021-11-05 16:21:17]	[done]
	build successfully !

[2021-11-05 16:22:29]	[done]
	build successfully !

[2021-11-05 16:23:05]	[done]
	build successfully !

[2021-11-05 16:23:39]	[done]
	build successfully !

[2021-11-05 16:24:01]	[done]
	build successfully !

[2021-11-05 16:24:18]	[done]
	build successfully !

[2021-11-05 16:24:23]	[done]
	build successfully !

[2021-11-05 16:28:51]	[done]
	build successfully !

[2021-11-05 16:29:37]	[done]
	build successfully !

[2021-11-05 16:30:36]	[done]
	build successfully !

[2021-11-05 16:31:50]	[done]
	build successfully !

[2021-11-05 16:32:16]	[done]
	build successfully !

[2021-11-05 16:32:52]	[done]
	build successfully !

[2021-11-05 16:33:36]	[done]
	build successfully !

[2021-11-05 16:35:19]	[done]
	build successfully !

[2021-11-05 16:35:39]	[done]
	build successfully !

[2021-11-05 16:37:16]	[done]
	build successfully !

[2021-11-05 16:38:47]	[done]
	build successfully !

[2021-11-05 16:39:07]	[done]
	build successfully !

[2021-11-05 16:39:58]	[done]
	build successfully !

[2021-11-05 16:40:14]	[done]
	build successfully !

[2021-11-05 16:41:22]	[done]
	build successfully !

[2021-11-05 16:42:29]	[done]
	build successfully !

[2021-11-05 16:42:50]	[done]
	build successfully !

[2021-11-05 16:43:12]	[done]
	build successfully !

[2021-11-05 16:52:10]	[done]
	build successfully !

[2021-11-05 16:54:19]	[done]
	build successfully !

[2021-11-05 16:56:18]	[done]
	build successfully !

[2021-11-05 16:56:41]	[done]
	build successfully !

[2021-11-05 16:57:53]	[done]
	build successfully !

[2021-11-05 16:58:07]	[done]
	build successfully !

[2021-11-05 16:58:34]	[done]
	build successfully !

[2021-11-05 16:59:07]	[done]
	build successfully !

[2021-11-05 16:59:32]	[done]
	build successfully !

[2021-11-05 16:59:58]	[done]
	build successfully !

[2021-11-05 17:17:18]	[done]
	build successfully !

[2021-11-05 17:20:29]	[done]
	build successfully !

[2021-11-05 17:24:49]	[done]
	build successfully !

[2021-11-05 17:26:36]	[done]
	build successfully !

[2021-11-05 17:33:17]	[done]
	build successfully !

[2021-11-05 17:37:31]	[done]
	build successfully !

[2021-11-05 17:39:30]	[done]
	build successfully !

[2021-11-05 17:49:22]	[done]
	build successfully !

[2021-11-05 17:51:13]	[done]
	build successfully !

[2021-11-05 17:53:25]	[done]
	build successfully !

[2021-11-05 17:55:37]	[done]
	build successfully !

[2021-11-05 17:55:43]	[done]
	build successfully !

[2021-11-05 18:09:09]	[done]
	build successfully !

[2021-11-05 18:09:58]	[done]
	build successfully !

[2021-11-05 18:12:21]	[done]
	build successfully !

[2021-11-06 01:06:52]	[done]
	build successfully !

[2021-11-06 22:16:48]	[done]
	build successfully !

[2021-11-06 22:28:46]	[done]
	build successfully !

[2021-11-06 22:28:55]	[done]
	build successfully !

[2021-11-06 22:29:21]	[done]
	build successfully !

[2021-11-06 22:45:09]	[done]
	build successfully !

[2021-11-06 22:45:17]	[done]
	build successfully !

[2021-11-06 22:45:47]	[done]
	build successfully !

[2021-11-06 22:46:01]	[done]
	build successfully !

[2021-11-06 22:46:15]	[done]
	build successfully !

[2021-11-06 22:46:39]	[done]
	build successfully !

[2021-11-06 22:46:52]	[done]
	build successfully !

[2021-11-06 22:47:09]	[done]
	build successfully !

[2021-11-06 22:47:29]	[done]
	build successfully !

[2021-11-06 22:55:54]	[done]
	build successfully !

[2021-11-06 22:58:22]	[done]
	build successfully !

[2021-11-06 22:59:18]	[done]
	build successfully !

[2021-11-06 22:59:36]	[done]
	build successfully !

[2021-11-06 23:02:27]	[done]
	build successfully !

[2021-11-06 23:03:21]	[done]
	build successfully !

[2021-11-06 23:03:51]	[done]
	build successfully !

[2021-11-06 23:04:53]	[done]
	build successfully !

[2021-11-06 23:05:31]	[done]
	build successfully !

[2021-11-06 23:06:16]	[done]
	build successfully !

[2021-11-06 23:08:09]	[done]
	build successfully !

[2021-11-06 23:10:53]	[done]
	build successfully !

[2021-11-06 23:11:16]	[done]
	build successfully !

[2021-11-06 23:12:07]	[done]
	build successfully !

[2021-11-06 23:14:52]	[done]
	build successfully !

[2021-11-06 23:15:39]	[done]
	build successfully !

[2021-11-06 23:17:42]	[done]
	build successfully !

[2021-11-06 23:18:06]	[done]
	build successfully !

[2021-11-06 23:18:30]	[done]
	build successfully !

[2021-11-06 23:19:06]	[done]
	build successfully !

[2021-11-06 23:19:39]	[done]
	build successfully !

[2021-11-06 23:20:36]	[done]
	build successfully !

[2021-11-06 23:20:58]	[done]
	build successfully !

[2021-11-06 23:22:36]	[done]
	build successfully !

[2021-11-06 23:23:21]	[done]
	build successfully !

[2021-11-06 23:23:46]	[done]
	build successfully !

[2021-11-06 23:25:02]	[done]
	build successfully !

[2021-11-06 23:25:26]	[done]
	build successfully !

[2021-11-06 23:25:43]	[done]
	build successfully !

[2021-11-06 23:26:13]	[done]
	build successfully !

[2021-11-06 23:26:46]	[done]
	build successfully !

[2021-11-06 23:27:17]	[done]
	build successfully !

[2021-11-06 23:28:39]	[done]
	build successfully !

[2021-11-06 23:29:06]	[done]
	build successfully !

[2021-11-06 23:29:54]	[done]
	build successfully !

[2021-11-06 23:30:20]	[done]
	build successfully !

[2021-11-06 23:32:32]	[done]
	build successfully !

[2021-11-06 23:32:49]	[done]
	build successfully !

[2021-11-06 23:34:16]	[done]
	build successfully !

[2021-11-06 23:35:04]	[done]
	build successfully !

[2021-11-06 23:36:08]	[done]
	build successfully !

[2021-11-06 23:36:12]	[done]
	build successfully !

[2021-11-06 23:37:10]	[done]
	build successfully !

[2021-11-06 23:38:18]	[done]
	build successfully !

[2021-11-06 23:39:02]	[done]
	build successfully !

[2021-11-06 23:40:22]	[done]
	build successfully !

[2021-11-06 23:41:20]	[done]
	build successfully !

[2021-11-06 23:42:15]	[done]
	build successfully !

[2021-11-06 23:43:15]	[done]
	build successfully !

[2021-11-06 23:45:15]	[done]
	build successfully !

[2021-11-06 23:46:05]	[done]
	build successfully !

[2021-11-06 23:46:18]	[done]
	build successfully !

[2021-11-06 23:46:53]	[done]
	build successfully !

[2021-11-06 23:47:14]	[done]
	build successfully !

[2021-11-06 23:47:46]	[done]
	build successfully !

[2021-11-06 23:48:39]	[done]
	build successfully !

[2021-11-06 23:49:08]	[done]
	build successfully !

[2021-11-06 23:49:38]	[done]
	build successfully !

[2021-11-06 23:49:43]	[done]
	build successfully !

[2021-11-06 23:50:15]	[done]
	build successfully !

[2021-11-06 23:51:09]	[done]
	build successfully !

[2021-11-06 23:51:55]	[done]
	build successfully !

[2021-11-06 23:52:37]	[done]
	build successfully !

[2021-11-06 23:53:10]	[done]
	build successfully !

[2021-11-06 23:53:55]	[done]
	build successfully !

[2021-11-06 23:54:34]	[done]
	build successfully !

[2021-11-06 23:55:03]	[done]
	build successfully !

[2021-11-06 23:56:09]	[done]
	build successfully !

[2021-11-07 00:06:28]	[done]
	build successfully !

[2021-11-07 00:07:28]	[done]
	build successfully !

[2021-11-07 00:07:51]	[done]
	build successfully !

[2021-11-07 00:19:12]	[done]
	build successfully !

[2021-11-07 00:21:21]	[done]
	build successfully !

[2021-11-07 00:21:35]	[done]
	build successfully !

[2021-11-07 00:21:57]	[done]
	build successfully !

[2021-11-07 00:22:35]	[done]
	build successfully !

[2021-11-07 00:28:46]	[done]
	build successfully !

[2021-11-07 00:30:58]	[done]
	build successfully !

[2021-11-07 00:39:20]	[done]
	build successfully !

[2021-11-07 00:40:25]	[done]
	build successfully !

[2021-11-07 00:51:26]	[done]
	build successfully !

[2021-11-07 00:53:19]	compilation failed at : "f:\Users\whb\Documents\STM32\HelloPID\Core\Src\pwm.c", exit code: 1
  at unify_builder.Program.Main (System.String[] args) [0x01175] in <0145ce9df5474e8894a187804b43ab23>:0 

[2021-11-07 00:53:23]	[done]
	build successfully !

[2021-11-07 00:56:35]	[done]
	build successfully !

[2021-11-07 00:57:48]	[done]
	build successfully !

[2021-11-07 00:59:24]	[done]
	build successfully !

[2021-11-07 00:59:59]	[done]
	build successfully !

[2021-11-07 01:00:44]	[done]
	build successfully !

[2021-11-07 01:02:35]	[done]
	build successfully !

[2021-11-07 01:02:53]	[done]
	build successfully !

[2021-11-07 01:03:24]	[done]
	build successfully !

[2021-11-07 01:04:04]	[done]
	build successfully !

[2021-11-07 01:04:38]	[done]
	build successfully !

[2021-11-07 01:05:24]	[done]
	build successfully !

[2021-11-07 01:06:15]	[done]
	build successfully !

[2021-11-07 01:07:09]	[done]
	build successfully !

[2021-11-07 01:07:40]	[done]
	build successfully !

[2021-11-07 01:08:21]	[done]
	build successfully !

[2021-11-07 01:08:50]	[done]
	build successfully !

[2021-11-07 01:09:12]	[done]
	build successfully !

[2021-11-07 01:09:50]	[done]
	build successfully !

[2021-11-07 23:39:31]	link failed !, exit code: 1
  at unify_builder.Program.Main (System.String[] args) [0x012d3] in <0145ce9df5474e8894a187804b43ab23>:0 

[2021-11-07 23:39:50]	link failed !, exit code: 1
  at unify_builder.Program.Main (System.String[] args) [0x012d3] in <0145ce9df5474e8894a187804b43ab23>:0 

[2021-11-07 23:40:57]	link failed !, exit code: 1
  at unify_builder.Program.Main (System.String[] args) [0x012d3] in <0145ce9df5474e8894a187804b43ab23>:0 

[2021-11-07 23:42:04]	link failed !, exit code: 1
  at unify_builder.Program.Main (System.String[] args) [0x012d3] in <0145ce9df5474e8894a187804b43ab23>:0 

[2021-11-07 23:43:43]	link failed !, exit code: 1
  at unify_builder.Program.Main (System.String[] args) [0x012d3] in <0145ce9df5474e8894a187804b43ab23>:0 

[2021-11-07 23:45:51]	[done]
	build successfully !

[2021-11-07 23:46:00]	link failed !, exit code: 1
  at unify_builder.Program.Main (System.String[] args) [0x012d3] in <0145ce9df5474e8894a187804b43ab23>:0 

[2021-11-07 23:48:15]	[done]
	build successfully !

[2021-11-07 23:48:22]	link failed !, exit code: 1
  at unify_builder.Program.Main (System.String[] args) [0x012d3] in <0145ce9df5474e8894a187804b43ab23>:0 

[2021-11-07 23:48:58]	[done]
	build successfully !

[2021-11-07 23:51:25]	[done]
	build successfully !

[2021-11-07 23:54:16]	[done]
	build successfully !

